Arguments: 
  C:\Program Files\nodejs\node.exe C:\Users\walid\AppData\Roaming\npm\node_modules\yarn\bin\yarn.js add @fortawesome/fontawesome-svg-core

PATH: 
  C:\Python311\Scripts\;C:\Python311\;C:\Python310\Scripts\;C:\Python310\;C:\Windows\system32;C:\Windows;C:\Windows\System32\Wbem;C:\Windows\System32\WindowsPowerShell\v1.0\;C:\Windows\System32\OpenSSH\;C:\ProgramData\chocolatey\bin;C:\Program Files\Git\cmd;%NVM_HOME%;%NVM_SYMLINK%;C:\Program Files (x86)\GitExtensions\;C:\Users\walid\AppData\Local\Microsoft\WindowsApps;C:\Users\walid\AppData\Local\gitkraken\bin;C:\Users\walid\AppData\Roaming\nvm;C:\Program Files\nodejs;C:\Users\walid\AppData\Local\Programs\Microsoft VS Code\bin;C:\Users\walid\AppData\Roaming\npm;C:\Program Files\JetBrains\IntelliJ IDEA Community Edition 2023.1.1\bin;C:\Program Files\Git\mingw64\bin;C:\Program Files\Git\usr\bin;C:\cmder\vendor\bin;C:\cmder\bin;C:\cmder

Yarn version: 
  1.22.19

Node version: 
  18.12.1

Platform: 
  win32 x64

Trace: 
  Error: EPERM: operation not permitted, unlink 'C:\Users\walid\Desktop\github\Nabatedev\node_modules\@lmdb\lmdb-win32-x64\node.abi108.node'

npm manifest: 
  {
    "name": "nabate",
    "version": "1.0.0",
    "private": true,
    "description": "nabate",
    "author": "rbenmeddour",
    "keywords": [
      "gatsby"
    ],
    "scripts": {
      "develop": "gatsby develop",
      "start": "gatsby develop",
      "build": "gatsby build",
      "serve": "gatsby serve",
      "clean": "gatsby clean"
    },
    "dependencies": {
      "@emailjs/browser": "^3.11.0",
      "@heroicons/react": "^2.0.18",
      "aos": "^2.3.4",
      "dotenv": "^16.0.3",
      "gatsby": "^5.8.0",
      "gatsby-image": "^3.11.0",
      "gatsby-plugin-image": "^3.8.0",
      "gatsby-plugin-netlify": "^5.1.0",
      "gatsby-plugin-sharp": "^5.9.0",
      "gatsby-source-filesystem": "^5.8.0",
      "gatsby-source-wordpress": "^7.8.0",
      "gatsby-transformer-sharp": "^5.9.0",
      "html-react-parser": "^3.0.16",
      "js-base64": "^3.7.5",
      "react": "^18.2.0",
      "react-dom": "^18.2.0",
      "react-toastify": "^9.1.2"
    },
    "devDependencies": {
      "autoprefixer": "^10.4.14",
      "gatsby-plugin-postcss": "^6.9.0",
      "postcss": "^8.4.23",
      "tailwindcss": "^3.3.1"
    }
  }

yarn manifest: 
  No manifest

Lockfile: 
  No lockfile
